[15-Aug-2025 20:17:45 UTC] Automatic updates starting...
[15-Aug-2025 20:17:47 UTC] Automatic updates complete.
[15-Aug-2025 20:18:17 UTC] PHP Deprecated:  strip_tags(): Passing null to parameter #1 ($string) of type string is deprecated in /Users/shafayat/Documents/Development/ena/wp-admin/admin-header.php on line 41
[15-Aug-2025 21:26:03 UTC] PHP Warning:  plugins_api(): An unexpected error occurred. Something may be wrong with WordPress.org or this server&#8217;s configuration. If you continue to have problems, please try the <a href="https://wordpress.org/support/forums/">support forums</a>. (WordPress could not establish a secure connection to WordPress.org. Please contact your server administrator.) in /Users/shafayat/Documents/Development/ena/wp-includes/functions.php on line 6121
[15-Aug-2025 21:26:59 UTC] PHP Fatal error:  Cannot redeclare get_gzip_rules() (previously declared in /Users/shafayat/Documents/Development/ena/wp-content/plugins/hirxpert-addon/hirxpert-addon.php:305) in /Users/shafayat/Documents/Development/ena/wp-content/plugins/hirxpert-addon_DISABLED/hirxpert-addon.php on line 305
[15-Aug-2025 21:45:04 UTC] PHP Warning:  Undefined array key "code" in /Users/shafayat/Documents/Development/ena/wp-content/themes/hirxpert/inc/multilingual-functions.php on line 132
[15-Aug-2025 21:45:04 UTC] PHP Warning:  Undefined array key "code" in /Users/shafayat/Documents/Development/ena/wp-content/themes/hirxpert/inc/multilingual-functions.php on line 132
[15-Aug-2025 21:45:24 UTC] PHP Warning:  Undefined array key "code" in /Users/shafayat/Documents/Development/ena/wp-content/themes/hirxpert/inc/multilingual-functions.php on line 132
[15-Aug-2025 21:45:24 UTC] PHP Warning:  Undefined array key "code" in /Users/shafayat/Documents/Development/ena/wp-content/themes/hirxpert/inc/multilingual-functions.php on line 132
[15-Aug-2025 21:48:00 UTC] PHP Warning:  Undefined array key "code" in /Users/shafayat/Documents/Development/ena/wp-content/themes/hirxpert/inc/multilingual-functions.php on line 132
[15-Aug-2025 21:48:00 UTC] PHP Warning:  Undefined array key "code" in /Users/shafayat/Documents/Development/ena/wp-content/themes/hirxpert/inc/multilingual-functions.php on line 132
[15-Aug-2025 21:55:08 UTC] PHP Warning:  Undefined array key "code" in /Users/shafayat/Documents/Development/ena/wp-content/themes/hirxpert/inc/multilingual-functions.php on line 132
[15-Aug-2025 21:55:08 UTC] PHP Warning:  Undefined array key "code" in /Users/shafayat/Documents/Development/ena/wp-content/themes/hirxpert/inc/multilingual-functions.php on line 132
[15-Aug-2025 21:56:19 UTC] PHP Warning:  Undefined array key "code" in /Users/shafayat/Documents/Development/ena/wp-content/themes/hirxpert/inc/multilingual-functions.php on line 132
[15-Aug-2025 21:56:19 UTC] PHP Warning:  Undefined array key "code" in /Users/shafayat/Documents/Development/ena/wp-content/themes/hirxpert/inc/multilingual-functions.php on line 132
[15-Aug-2025 21:56:30 UTC] PHP Warning:  Undefined array key "code" in /Users/shafayat/Documents/Development/ena/wp-content/themes/hirxpert/inc/multilingual-functions.php on line 132
[15-Aug-2025 21:56:30 UTC] PHP Warning:  Undefined array key "code" in /Users/shafayat/Documents/Development/ena/wp-content/themes/hirxpert/inc/multilingual-functions.php on line 132
[15-Aug-2025 21:57:24 UTC] PHP Warning:  Undefined array key "code" in /Users/shafayat/Documents/Development/ena/wp-content/themes/hirxpert/inc/multilingual-functions.php on line 132
[15-Aug-2025 21:57:24 UTC] PHP Warning:  Undefined array key "code" in /Users/shafayat/Documents/Development/ena/wp-content/themes/hirxpert/inc/multilingual-functions.php on line 132
[15-Aug-2025 21:57:30 UTC] PHP Warning:  Undefined array key "code" in /Users/shafayat/Documents/Development/ena/wp-content/themes/hirxpert/inc/multilingual-functions.php on line 132
[15-Aug-2025 21:57:30 UTC] PHP Warning:  Undefined array key "code" in /Users/shafayat/Documents/Development/ena/wp-content/themes/hirxpert/inc/multilingual-functions.php on line 132
[15-Aug-2025 21:58:00 UTC] PHP Warning:  Undefined array key "code" in /Users/shafayat/Documents/Development/ena/wp-content/themes/hirxpert/inc/multilingual-functions.php on line 132
[15-Aug-2025 21:58:00 UTC] PHP Warning:  Undefined array key "code" in /Users/shafayat/Documents/Development/ena/wp-content/themes/hirxpert/inc/multilingual-functions.php on line 132
[15-Aug-2025 21:58:12 UTC] PHP Warning:  Undefined array key "code" in /Users/shafayat/Documents/Development/ena/wp-content/themes/hirxpert/inc/multilingual-functions.php on line 132
[15-Aug-2025 21:58:12 UTC] PHP Warning:  Undefined array key "code" in /Users/shafayat/Documents/Development/ena/wp-content/themes/hirxpert/inc/multilingual-functions.php on line 132
[15-Aug-2025 21:58:52 UTC] PHP Warning:  Undefined array key "code" in /Users/shafayat/Documents/Development/ena/wp-content/themes/hirxpert/inc/multilingual-functions.php on line 132
[15-Aug-2025 21:58:52 UTC] PHP Warning:  Undefined array key "code" in /Users/shafayat/Documents/Development/ena/wp-content/themes/hirxpert/inc/multilingual-functions.php on line 132
[15-Aug-2025 21:59:33 UTC] PHP Warning:  Undefined array key "code" in /Users/shafayat/Documents/Development/ena/wp-content/themes/hirxpert/inc/multilingual-functions.php on line 132
[15-Aug-2025 21:59:33 UTC] PHP Warning:  Undefined array key "code" in /Users/shafayat/Documents/Development/ena/wp-content/themes/hirxpert/inc/multilingual-functions.php on line 132
[15-Aug-2025 21:59:59 UTC] PHP Warning:  Undefined array key "code" in /Users/shafayat/Documents/Development/ena/wp-content/themes/hirxpert/inc/multilingual-functions.php on line 132
[15-Aug-2025 21:59:59 UTC] PHP Warning:  Undefined array key "code" in /Users/shafayat/Documents/Development/ena/wp-content/themes/hirxpert/inc/multilingual-functions.php on line 132
[15-Aug-2025 22:00:40 UTC] PHP Notice:  $_SERVER['HTTP_HOST'] or $_SERVER['REQUEST_URI'] are required but not set. in /Users/shafayat/Documents/Development/ena/wp-content/plugins/polylang/include/functions.php on line 108
[15-Aug-2025 22:00:40 UTC] PHP Notice:  $_SERVER['HTTP_HOST'] or $_SERVER['REQUEST_URI'] are required but not set. in /Users/shafayat/Documents/Development/ena/wp-content/plugins/polylang/include/functions.php on line 108
[15-Aug-2025 22:00:41 UTC] PHP Notice:  $_SERVER['HTTP_HOST'] or $_SERVER['REQUEST_URI'] are required but not set. in /Users/shafayat/Documents/Development/ena/wp-content/plugins/polylang/include/functions.php on line 108
[15-Aug-2025 22:00:41 UTC] PHP Notice:  $_SERVER['HTTP_HOST'] or $_SERVER['REQUEST_URI'] are required but not set. in /Users/shafayat/Documents/Development/ena/wp-content/plugins/polylang/include/functions.php on line 108
[16-Aug-2025 02:17:05 UTC] PHP Warning:  Undefined array key "code" in /Users/shafayat/Documents/Development/ena/wp-content/themes/hirxpert/inc/multilingual-functions.php on line 132
[16-Aug-2025 02:17:05 UTC] PHP Warning:  Undefined array key "code" in /Users/shafayat/Documents/Development/ena/wp-content/themes/hirxpert/inc/multilingual-functions.php on line 132
[16-Aug-2025 02:23:53 UTC] PHP Warning:  Undefined array key "code" in /Users/shafayat/Documents/Development/ena/wp-content/themes/hirxpert/inc/multilingual-functions.php on line 132
[16-Aug-2025 02:23:53 UTC] PHP Warning:  Undefined array key "code" in /Users/shafayat/Documents/Development/ena/wp-content/themes/hirxpert/inc/multilingual-functions.php on line 132
[16-Aug-2025 02:24:03 UTC] PHP Warning:  Undefined array key "code" in /Users/shafayat/Documents/Development/ena/wp-content/themes/hirxpert/inc/multilingual-functions.php on line 132
[16-Aug-2025 02:24:03 UTC] PHP Warning:  Undefined array key "code" in /Users/shafayat/Documents/Development/ena/wp-content/themes/hirxpert/inc/multilingual-functions.php on line 132
[16-Aug-2025 02:24:36 UTC] PHP Warning:  Undefined array key "code" in /Users/shafayat/Documents/Development/ena/wp-content/themes/hirxpert/inc/multilingual-functions.php on line 132
[16-Aug-2025 02:24:36 UTC] PHP Warning:  Undefined array key "code" in /Users/shafayat/Documents/Development/ena/wp-content/themes/hirxpert/inc/multilingual-functions.php on line 132
[16-Aug-2025 02:24:37 UTC] PHP Warning:  Undefined array key "code" in /Users/shafayat/Documents/Development/ena/wp-content/themes/hirxpert/inc/multilingual-functions.php on line 132
[16-Aug-2025 02:24:37 UTC] PHP Warning:  Undefined array key "code" in /Users/shafayat/Documents/Development/ena/wp-content/themes/hirxpert/inc/multilingual-functions.php on line 132
[16-Aug-2025 02:24:39 UTC] PHP Warning:  Undefined array key "code" in /Users/shafayat/Documents/Development/ena/wp-content/themes/hirxpert/inc/multilingual-functions.php on line 132
[16-Aug-2025 02:24:39 UTC] PHP Warning:  Undefined array key "code" in /Users/shafayat/Documents/Development/ena/wp-content/themes/hirxpert/inc/multilingual-functions.php on line 132
[16-Aug-2025 02:24:59 UTC] PHP Warning:  Undefined array key "code" in /Users/shafayat/Documents/Development/ena/wp-content/themes/hirxpert/inc/multilingual-functions.php on line 132
[16-Aug-2025 02:24:59 UTC] PHP Warning:  Undefined array key "code" in /Users/shafayat/Documents/Development/ena/wp-content/themes/hirxpert/inc/multilingual-functions.php on line 132
[16-Aug-2025 02:25:12 UTC] PHP Warning:  Undefined array key "code" in /Users/shafayat/Documents/Development/ena/wp-content/themes/hirxpert/inc/multilingual-functions.php on line 132
[16-Aug-2025 02:25:12 UTC] PHP Warning:  Undefined array key "code" in /Users/shafayat/Documents/Development/ena/wp-content/themes/hirxpert/inc/multilingual-functions.php on line 132
[16-Aug-2025 02:25:23 UTC] PHP Warning:  Undefined array key "code" in /Users/shafayat/Documents/Development/ena/wp-content/themes/hirxpert/inc/multilingual-functions.php on line 132
[16-Aug-2025 02:25:23 UTC] PHP Warning:  Undefined array key "code" in /Users/shafayat/Documents/Development/ena/wp-content/themes/hirxpert/inc/multilingual-functions.php on line 132
[16-Aug-2025 02:25:39 UTC] PHP Warning:  Undefined array key "code" in /Users/shafayat/Documents/Development/ena/wp-content/themes/hirxpert/inc/multilingual-functions.php on line 132
[16-Aug-2025 02:25:39 UTC] PHP Warning:  Undefined array key "code" in /Users/shafayat/Documents/Development/ena/wp-content/themes/hirxpert/inc/multilingual-functions.php on line 132
[16-Aug-2025 02:25:55 UTC] PHP Warning:  Undefined array key "code" in /Users/shafayat/Documents/Development/ena/wp-content/themes/hirxpert/inc/multilingual-functions.php on line 132
[16-Aug-2025 02:25:55 UTC] PHP Warning:  Undefined array key "code" in /Users/shafayat/Documents/Development/ena/wp-content/themes/hirxpert/inc/multilingual-functions.php on line 132
[16-Aug-2025 02:26:17 UTC] PHP Warning:  Undefined array key "code" in /Users/shafayat/Documents/Development/ena/wp-content/themes/hirxpert/inc/multilingual-functions.php on line 132
[16-Aug-2025 02:26:17 UTC] PHP Warning:  Undefined array key "code" in /Users/shafayat/Documents/Development/ena/wp-content/themes/hirxpert/inc/multilingual-functions.php on line 132
[16-Aug-2025 02:41:23 UTC] PHP Warning:  require(/Users/shafayat/Documents/Development/ena/wp-content/themes/hirxpert/inc/multilingual-functions.php): Failed to open stream: No such file or directory in /Users/shafayat/Documents/Development/ena/wp-content/themes/hirxpert/functions.php on line 187
[16-Aug-2025 02:41:23 UTC] PHP Fatal error:  Uncaught Error: Failed opening required '/Users/shafayat/Documents/Development/ena/wp-content/themes/hirxpert/inc/multilingual-functions.php' (include_path='.:') in /Users/shafayat/Documents/Development/ena/wp-content/themes/hirxpert/functions.php:187
Stack trace:
#0 /Users/shafayat/Documents/Development/ena/wp-includes/class-wp-hook.php(324): Hirxpert_Theme_function::hirxpert_after_support('')
#1 /Users/shafayat/Documents/Development/ena/wp-includes/class-wp-hook.php(348): WP_Hook->apply_filters(NULL, Array)
#2 /Users/shafayat/Documents/Development/ena/wp-includes/plugin.php(517): WP_Hook->do_action(Array)
#3 /Users/shafayat/Documents/Development/ena/wp-settings.php(705): do_action('after_setup_the...')
#4 /Users/shafayat/Documents/Development/ena/wp-config.php(117): require_once('/Users/shafayat...')
#5 /Users/shafayat/Documents/Development/ena/wp-load.php(50): require_once('/Users/shafayat...')
#6 /Users/shafayat/Documents/Development/ena/wp-admin/admin-ajax.php(22): require_once('/Users/shafayat...')
#7 /Applications/Herd.app/Contents/Resources/valet/server.php(167): require('/Users/shafayat...')
#8 {main}
  thrown in /Users/shafayat/Documents/Development/ena/wp-content/themes/hirxpert/functions.php on line 187
[16-Aug-2025 02:41:23 UTC] PHP Warning:  Trying to access array offset on value of type bool in /Users/shafayat/Documents/Development/ena/wp-includes/class-wp-recovery-mode-email-service.php on line 367
[16-Aug-2025 02:41:23 UTC] PHP Warning:  Trying to access array offset on value of type bool in /Users/shafayat/Documents/Development/ena/wp-includes/class-wp-recovery-mode-email-service.php on line 368
[16-Aug-2025 02:41:28 UTC] PHP Warning:  require(/Users/shafayat/Documents/Development/ena/wp-content/themes/hirxpert/inc/multilingual-functions.php): Failed to open stream: No such file or directory in /Users/shafayat/Documents/Development/ena/wp-content/themes/hirxpert/functions.php on line 187
[16-Aug-2025 02:41:28 UTC] PHP Fatal error:  Uncaught Error: Failed opening required '/Users/shafayat/Documents/Development/ena/wp-content/themes/hirxpert/inc/multilingual-functions.php' (include_path='.:') in /Users/shafayat/Documents/Development/ena/wp-content/themes/hirxpert/functions.php:187
Stack trace:
#0 /Users/shafayat/Documents/Development/ena/wp-includes/class-wp-hook.php(324): Hirxpert_Theme_function::hirxpert_after_support('')
#1 /Users/shafayat/Documents/Development/ena/wp-includes/class-wp-hook.php(348): WP_Hook->apply_filters(NULL, Array)
#2 /Users/shafayat/Documents/Development/ena/wp-includes/plugin.php(517): WP_Hook->do_action(Array)
#3 /Users/shafayat/Documents/Development/ena/wp-settings.php(705): do_action('after_setup_the...')
#4 /Users/shafayat/Documents/Development/ena/wp-config.php(117): require_once('/Users/shafayat...')
#5 /Users/shafayat/Documents/Development/ena/wp-load.php(50): require_once('/Users/shafayat...')
#6 /Users/shafayat/Documents/Development/ena/wp-admin/admin-ajax.php(22): require_once('/Users/shafayat...')
#7 /Applications/Herd.app/Contents/Resources/valet/server.php(167): require('/Users/shafayat...')
#8 {main}
  thrown in /Users/shafayat/Documents/Development/ena/wp-content/themes/hirxpert/functions.php on line 187
[16-Aug-2025 02:42:23 UTC] PHP Warning:  require(/Users/shafayat/Documents/Development/ena/wp-content/themes/hirxpert/inc/multilingual-functions.php): Failed to open stream: No such file or directory in /Users/shafayat/Documents/Development/ena/wp-content/themes/hirxpert/functions.php on line 187
[16-Aug-2025 02:42:23 UTC] PHP Fatal error:  Uncaught Error: Failed opening required '/Users/shafayat/Documents/Development/ena/wp-content/themes/hirxpert/inc/multilingual-functions.php' (include_path='.:') in /Users/shafayat/Documents/Development/ena/wp-content/themes/hirxpert/functions.php:187
Stack trace:
#0 /Users/shafayat/Documents/Development/ena/wp-includes/class-wp-hook.php(324): Hirxpert_Theme_function::hirxpert_after_support('')
#1 /Users/shafayat/Documents/Development/ena/wp-includes/class-wp-hook.php(348): WP_Hook->apply_filters(NULL, Array)
#2 /Users/shafayat/Documents/Development/ena/wp-includes/plugin.php(517): WP_Hook->do_action(Array)
#3 /Users/shafayat/Documents/Development/ena/wp-settings.php(705): do_action('after_setup_the...')
#4 /Users/shafayat/Documents/Development/ena/wp-config.php(117): require_once('/Users/shafayat...')
#5 /Users/shafayat/Documents/Development/ena/wp-load.php(50): require_once('/Users/shafayat...')
#6 /Users/shafayat/Documents/Development/ena/wp-admin/admin-ajax.php(22): require_once('/Users/shafayat...')
#7 /Applications/Herd.app/Contents/Resources/valet/server.php(167): require('/Users/shafayat...')
#8 {main}
  thrown in /Users/shafayat/Documents/Development/ena/wp-content/themes/hirxpert/functions.php on line 187
[16-Aug-2025 02:42:38 UTC] PHP Warning:  require(/Users/shafayat/Documents/Development/ena/wp-content/themes/hirxpert/inc/multilingual-functions.php): Failed to open stream: No such file or directory in /Users/shafayat/Documents/Development/ena/wp-content/themes/hirxpert/functions.php on line 187
[16-Aug-2025 02:42:38 UTC] PHP Fatal error:  Uncaught Error: Failed opening required '/Users/shafayat/Documents/Development/ena/wp-content/themes/hirxpert/inc/multilingual-functions.php' (include_path='.:') in /Users/shafayat/Documents/Development/ena/wp-content/themes/hirxpert/functions.php:187
Stack trace:
#0 /Users/shafayat/Documents/Development/ena/wp-includes/class-wp-hook.php(324): Hirxpert_Theme_function::hirxpert_after_support('')
#1 /Users/shafayat/Documents/Development/ena/wp-includes/class-wp-hook.php(348): WP_Hook->apply_filters(NULL, Array)
#2 /Users/shafayat/Documents/Development/ena/wp-includes/plugin.php(517): WP_Hook->do_action(Array)
#3 /Users/shafayat/Documents/Development/ena/wp-settings.php(705): do_action('after_setup_the...')
#4 /Users/shafayat/Documents/Development/ena/wp-config.php(117): require_once('/Users/shafayat...')
#5 /Users/shafayat/Documents/Development/ena/wp-load.php(50): require_once('/Users/shafayat...')
#6 /Users/shafayat/Documents/Development/ena/wp-blog-header.php(13): require_once('/Users/shafayat...')
#7 /Users/shafayat/Documents/Development/ena/index.php(17): require('/Users/shafayat...')
#8 /Applications/Herd.app/Contents/Resources/valet/server.php(167): require('/Users/shafayat...')
#9 {main}
  thrown in /Users/shafayat/Documents/Development/ena/wp-content/themes/hirxpert/functions.php on line 187
[16-Aug-2025 02:42:42 UTC] PHP Warning:  require(/Users/shafayat/Documents/Development/ena/wp-content/themes/hirxpert/inc/multilingual-functions.php): Failed to open stream: No such file or directory in /Users/shafayat/Documents/Development/ena/wp-content/themes/hirxpert/functions.php on line 187
[16-Aug-2025 02:42:42 UTC] PHP Fatal error:  Uncaught Error: Failed opening required '/Users/shafayat/Documents/Development/ena/wp-content/themes/hirxpert/inc/multilingual-functions.php' (include_path='.:') in /Users/shafayat/Documents/Development/ena/wp-content/themes/hirxpert/functions.php:187
Stack trace:
#0 /Users/shafayat/Documents/Development/ena/wp-includes/class-wp-hook.php(324): Hirxpert_Theme_function::hirxpert_after_support('')
#1 /Users/shafayat/Documents/Development/ena/wp-includes/class-wp-hook.php(348): WP_Hook->apply_filters(NULL, Array)
#2 /Users/shafayat/Documents/Development/ena/wp-includes/plugin.php(517): WP_Hook->do_action(Array)
#3 /Users/shafayat/Documents/Development/ena/wp-settings.php(705): do_action('after_setup_the...')
#4 /Users/shafayat/Documents/Development/ena/wp-config.php(117): require_once('/Users/shafayat...')
#5 /Users/shafayat/Documents/Development/ena/wp-load.php(50): require_once('/Users/shafayat...')
#6 /Users/shafayat/Documents/Development/ena/wp-blog-header.php(13): require_once('/Users/shafayat...')
#7 /Users/shafayat/Documents/Development/ena/index.php(17): require('/Users/shafayat...')
#8 /Applications/Herd.app/Contents/Resources/valet/server.php(167): require('/Users/shafayat...')
#9 {main}
  thrown in /Users/shafayat/Documents/Development/ena/wp-content/themes/hirxpert/functions.php on line 187
[16-Aug-2025 02:43:02 UTC] PHP Warning:  require(/Users/shafayat/Documents/Development/ena/wp-content/themes/hirxpert/inc/multilingual-functions.php): Failed to open stream: No such file or directory in /Users/shafayat/Documents/Development/ena/wp-content/themes/hirxpert/functions.php on line 187
[16-Aug-2025 02:43:02 UTC] PHP Fatal error:  Uncaught Error: Failed opening required '/Users/shafayat/Documents/Development/ena/wp-content/themes/hirxpert/inc/multilingual-functions.php' (include_path='.:') in /Users/shafayat/Documents/Development/ena/wp-content/themes/hirxpert/functions.php:187
Stack trace:
#0 /Users/shafayat/Documents/Development/ena/wp-includes/class-wp-hook.php(324): Hirxpert_Theme_function::hirxpert_after_support('')
#1 /Users/shafayat/Documents/Development/ena/wp-includes/class-wp-hook.php(348): WP_Hook->apply_filters(NULL, Array)
#2 /Users/shafayat/Documents/Development/ena/wp-includes/plugin.php(517): WP_Hook->do_action(Array)
#3 /Users/shafayat/Documents/Development/ena/wp-settings.php(705): do_action('after_setup_the...')
#4 /Users/shafayat/Documents/Development/ena/wp-config.php(117): require_once('/Users/shafayat...')
#5 /Users/shafayat/Documents/Development/ena/wp-load.php(50): require_once('/Users/shafayat...')
#6 /Users/shafayat/Documents/Development/ena/wp-admin/admin-ajax.php(22): require_once('/Users/shafayat...')
#7 /Applications/Herd.app/Contents/Resources/valet/server.php(167): require('/Users/shafayat...')
#8 {main}
  thrown in /Users/shafayat/Documents/Development/ena/wp-content/themes/hirxpert/functions.php on line 187
[16-Aug-2025 02:43:11 UTC] PHP Warning:  require(/Users/shafayat/Documents/Development/ena/wp-content/themes/hirxpert/inc/multilingual-functions.php): Failed to open stream: No such file or directory in /Users/shafayat/Documents/Development/ena/wp-content/themes/hirxpert/functions.php on line 187
[16-Aug-2025 02:43:11 UTC] PHP Fatal error:  Uncaught Error: Failed opening required '/Users/shafayat/Documents/Development/ena/wp-content/themes/hirxpert/inc/multilingual-functions.php' (include_path='.:') in /Users/shafayat/Documents/Development/ena/wp-content/themes/hirxpert/functions.php:187
Stack trace:
#0 /Users/shafayat/Documents/Development/ena/wp-includes/class-wp-hook.php(324): Hirxpert_Theme_function::hirxpert_after_support('')
#1 /Users/shafayat/Documents/Development/ena/wp-includes/class-wp-hook.php(348): WP_Hook->apply_filters(NULL, Array)
#2 /Users/shafayat/Documents/Development/ena/wp-includes/plugin.php(517): WP_Hook->do_action(Array)
#3 /Users/shafayat/Documents/Development/ena/wp-settings.php(705): do_action('after_setup_the...')
#4 /Users/shafayat/Documents/Development/ena/wp-config.php(117): require_once('/Users/shafayat...')
#5 /Users/shafayat/Documents/Development/ena/wp-load.php(50): require_once('/Users/shafayat...')
#6 /Users/shafayat/Documents/Development/ena/wp-blog-header.php(13): require_once('/Users/shafayat...')
#7 /Users/shafayat/Documents/Development/ena/index.php(17): require('/Users/shafayat...')
#8 /Applications/Herd.app/Contents/Resources/valet/server.php(167): require('/Users/shafayat...')
#9 {main}
  thrown in /Users/shafayat/Documents/Development/ena/wp-content/themes/hirxpert/functions.php on line 187
[16-Aug-2025 02:43:19 UTC] PHP Warning:  require(/Users/shafayat/Documents/Development/ena/wp-content/themes/hirxpert/inc/multilingual-functions.php): Failed to open stream: No such file or directory in /Users/shafayat/Documents/Development/ena/wp-content/themes/hirxpert/functions.php on line 187
[16-Aug-2025 02:43:19 UTC] PHP Fatal error:  Uncaught Error: Failed opening required '/Users/shafayat/Documents/Development/ena/wp-content/themes/hirxpert/inc/multilingual-functions.php' (include_path='.:') in /Users/shafayat/Documents/Development/ena/wp-content/themes/hirxpert/functions.php:187
Stack trace:
#0 /Users/shafayat/Documents/Development/ena/wp-includes/class-wp-hook.php(324): Hirxpert_Theme_function::hirxpert_after_support('')
#1 /Users/shafayat/Documents/Development/ena/wp-includes/class-wp-hook.php(348): WP_Hook->apply_filters(NULL, Array)
#2 /Users/shafayat/Documents/Development/ena/wp-includes/plugin.php(517): WP_Hook->do_action(Array)
#3 /Users/shafayat/Documents/Development/ena/wp-settings.php(705): do_action('after_setup_the...')
#4 /Users/shafayat/Documents/Development/ena/wp-config.php(117): require_once('/Users/shafayat...')
#5 /Users/shafayat/Documents/Development/ena/wp-load.php(50): require_once('/Users/shafayat...')
#6 /Users/shafayat/Documents/Development/ena/wp-blog-header.php(13): require_once('/Users/shafayat...')
#7 /Users/shafayat/Documents/Development/ena/index.php(17): require('/Users/shafayat...')
#8 /Applications/Herd.app/Contents/Resources/valet/server.php(167): require('/Users/shafayat...')
#9 {main}
  thrown in /Users/shafayat/Documents/Development/ena/wp-content/themes/hirxpert/functions.php on line 187
[16-Aug-2025 02:43:23 UTC] PHP Warning:  require(/Users/shafayat/Documents/Development/ena/wp-content/themes/hirxpert/inc/multilingual-functions.php): Failed to open stream: No such file or directory in /Users/shafayat/Documents/Development/ena/wp-content/themes/hirxpert/functions.php on line 187
[16-Aug-2025 02:43:23 UTC] PHP Fatal error:  Uncaught Error: Failed opening required '/Users/shafayat/Documents/Development/ena/wp-content/themes/hirxpert/inc/multilingual-functions.php' (include_path='.:') in /Users/shafayat/Documents/Development/ena/wp-content/themes/hirxpert/functions.php:187
Stack trace:
#0 /Users/shafayat/Documents/Development/ena/wp-includes/class-wp-hook.php(324): Hirxpert_Theme_function::hirxpert_after_support('')
#1 /Users/shafayat/Documents/Development/ena/wp-includes/class-wp-hook.php(348): WP_Hook->apply_filters(NULL, Array)
#2 /Users/shafayat/Documents/Development/ena/wp-includes/plugin.php(517): WP_Hook->do_action(Array)
#3 /Users/shafayat/Documents/Development/ena/wp-settings.php(705): do_action('after_setup_the...')
#4 /Users/shafayat/Documents/Development/ena/wp-config.php(117): require_once('/Users/shafayat...')
#5 /Users/shafayat/Documents/Development/ena/wp-load.php(50): require_once('/Users/shafayat...')
#6 /Users/shafayat/Documents/Development/ena/wp-admin/admin-ajax.php(22): require_once('/Users/shafayat...')
#7 /Applications/Herd.app/Contents/Resources/valet/server.php(167): require('/Users/shafayat...')
#8 {main}
  thrown in /Users/shafayat/Documents/Development/ena/wp-content/themes/hirxpert/functions.php on line 187
[16-Aug-2025 02:43:25 UTC] PHP Warning:  require(/Users/shafayat/Documents/Development/ena/wp-content/themes/hirxpert/inc/multilingual-functions.php): Failed to open stream: No such file or directory in /Users/shafayat/Documents/Development/ena/wp-content/themes/hirxpert/functions.php on line 187
[16-Aug-2025 02:43:25 UTC] PHP Fatal error:  Uncaught Error: Failed opening required '/Users/shafayat/Documents/Development/ena/wp-content/themes/hirxpert/inc/multilingual-functions.php' (include_path='.:') in /Users/shafayat/Documents/Development/ena/wp-content/themes/hirxpert/functions.php:187
Stack trace:
#0 /Users/shafayat/Documents/Development/ena/wp-includes/class-wp-hook.php(324): Hirxpert_Theme_function::hirxpert_after_support('')
#1 /Users/shafayat/Documents/Development/ena/wp-includes/class-wp-hook.php(348): WP_Hook->apply_filters(NULL, Array)
#2 /Users/shafayat/Documents/Development/ena/wp-includes/plugin.php(517): WP_Hook->do_action(Array)
#3 /Users/shafayat/Documents/Development/ena/wp-settings.php(705): do_action('after_setup_the...')
#4 /Users/shafayat/Documents/Development/ena/wp-config.php(117): require_once('/Users/shafayat...')
#5 /Users/shafayat/Documents/Development/ena/wp-load.php(50): require_once('/Users/shafayat...')
#6 /Users/shafayat/Documents/Development/ena/wp-blog-header.php(13): require_once('/Users/shafayat...')
#7 /Users/shafayat/Documents/Development/ena/index.php(17): require('/Users/shafayat...')
#8 /Applications/Herd.app/Contents/Resources/valet/server.php(167): require('/Users/shafayat...')
#9 {main}
  thrown in /Users/shafayat/Documents/Development/ena/wp-content/themes/hirxpert/functions.php on line 187
[16-Aug-2025 02:43:30 UTC] PHP Warning:  require(/Users/shafayat/Documents/Development/ena/wp-content/themes/hirxpert/inc/multilingual-functions.php): Failed to open stream: No such file or directory in /Users/shafayat/Documents/Development/ena/wp-content/themes/hirxpert/functions.php on line 187
[16-Aug-2025 02:43:30 UTC] PHP Fatal error:  Uncaught Error: Failed opening required '/Users/shafayat/Documents/Development/ena/wp-content/themes/hirxpert/inc/multilingual-functions.php' (include_path='.:') in /Users/shafayat/Documents/Development/ena/wp-content/themes/hirxpert/functions.php:187
Stack trace:
#0 /Users/shafayat/Documents/Development/ena/wp-includes/class-wp-hook.php(324): Hirxpert_Theme_function::hirxpert_after_support('')
#1 /Users/shafayat/Documents/Development/ena/wp-includes/class-wp-hook.php(348): WP_Hook->apply_filters(NULL, Array)
#2 /Users/shafayat/Documents/Development/ena/wp-includes/plugin.php(517): WP_Hook->do_action(Array)
#3 /Users/shafayat/Documents/Development/ena/wp-settings.php(705): do_action('after_setup_the...')
#4 /Users/shafayat/Documents/Development/ena/wp-config.php(117): require_once('/Users/shafayat...')
#5 /Users/shafayat/Documents/Development/ena/wp-load.php(50): require_once('/Users/shafayat...')
#6 /Users/shafayat/Documents/Development/ena/wp-admin/admin-ajax.php(22): require_once('/Users/shafayat...')
#7 /Applications/Herd.app/Contents/Resources/valet/server.php(167): require('/Users/shafayat...')
#8 {main}
  thrown in /Users/shafayat/Documents/Development/ena/wp-content/themes/hirxpert/functions.php on line 187
[16-Aug-2025 02:44:23 UTC] PHP Warning:  require(/Users/shafayat/Documents/Development/ena/wp-content/themes/hirxpert/inc/multilingual-functions.php): Failed to open stream: No such file or directory in /Users/shafayat/Documents/Development/ena/wp-content/themes/hirxpert/functions.php on line 187
[16-Aug-2025 02:44:23 UTC] PHP Fatal error:  Uncaught Error: Failed opening required '/Users/shafayat/Documents/Development/ena/wp-content/themes/hirxpert/inc/multilingual-functions.php' (include_path='.:') in /Users/shafayat/Documents/Development/ena/wp-content/themes/hirxpert/functions.php:187
Stack trace:
#0 /Users/shafayat/Documents/Development/ena/wp-includes/class-wp-hook.php(324): Hirxpert_Theme_function::hirxpert_after_support('')
#1 /Users/shafayat/Documents/Development/ena/wp-includes/class-wp-hook.php(348): WP_Hook->apply_filters(NULL, Array)
#2 /Users/shafayat/Documents/Development/ena/wp-includes/plugin.php(517): WP_Hook->do_action(Array)
#3 /Users/shafayat/Documents/Development/ena/wp-settings.php(705): do_action('after_setup_the...')
#4 /Users/shafayat/Documents/Development/ena/wp-config.php(117): require_once('/Users/shafayat...')
#5 /Users/shafayat/Documents/Development/ena/wp-load.php(50): require_once('/Users/shafayat...')
#6 /Users/shafayat/Documents/Development/ena/wp-admin/admin-ajax.php(22): require_once('/Users/shafayat...')
#7 /Applications/Herd.app/Contents/Resources/valet/server.php(167): require('/Users/shafayat...')
#8 {main}
  thrown in /Users/shafayat/Documents/Development/ena/wp-content/themes/hirxpert/functions.php on line 187
[16-Aug-2025 02:44:26 UTC] PHP Warning:  require(/Users/shafayat/Documents/Development/ena/wp-content/themes/hirxpert/inc/multilingual-functions.php): Failed to open stream: No such file or directory in /Users/shafayat/Documents/Development/ena/wp-content/themes/hirxpert/functions.php on line 187
[16-Aug-2025 02:44:26 UTC] PHP Fatal error:  Uncaught Error: Failed opening required '/Users/shafayat/Documents/Development/ena/wp-content/themes/hirxpert/inc/multilingual-functions.php' (include_path='.:') in /Users/shafayat/Documents/Development/ena/wp-content/themes/hirxpert/functions.php:187
Stack trace:
#0 /Users/shafayat/Documents/Development/ena/wp-includes/class-wp-hook.php(324): Hirxpert_Theme_function::hirxpert_after_support('')
#1 /Users/shafayat/Documents/Development/ena/wp-includes/class-wp-hook.php(348): WP_Hook->apply_filters(NULL, Array)
#2 /Users/shafayat/Documents/Development/ena/wp-includes/plugin.php(517): WP_Hook->do_action(Array)
#3 /Users/shafayat/Documents/Development/ena/wp-settings.php(705): do_action('after_setup_the...')
#4 /Users/shafayat/Documents/Development/ena/wp-config.php(117): require_once('/Users/shafayat...')
#5 /Users/shafayat/Documents/Development/ena/wp-load.php(50): require_once('/Users/shafayat...')
#6 /Users/shafayat/Documents/Development/ena/wp-admin/admin-ajax.php(22): require_once('/Users/shafayat...')
#7 /Applications/Herd.app/Contents/Resources/valet/server.php(167): require('/Users/shafayat...')
#8 {main}
  thrown in /Users/shafayat/Documents/Development/ena/wp-content/themes/hirxpert/functions.php on line 187
[16-Aug-2025 02:44:45 UTC] PHP Warning:  require(/Users/shafayat/Documents/Development/ena/wp-content/themes/hirxpert/inc/multilingual-functions.php): Failed to open stream: No such file or directory in /Users/shafayat/Documents/Development/ena/wp-content/themes/hirxpert/functions.php on line 187
[16-Aug-2025 02:44:45 UTC] PHP Fatal error:  Uncaught Error: Failed opening required '/Users/shafayat/Documents/Development/ena/wp-content/themes/hirxpert/inc/multilingual-functions.php' (include_path='.:') in /Users/shafayat/Documents/Development/ena/wp-content/themes/hirxpert/functions.php:187
Stack trace:
#0 /Users/shafayat/Documents/Development/ena/wp-includes/class-wp-hook.php(324): Hirxpert_Theme_function::hirxpert_after_support('')
#1 /Users/shafayat/Documents/Development/ena/wp-includes/class-wp-hook.php(348): WP_Hook->apply_filters(NULL, Array)
#2 /Users/shafayat/Documents/Development/ena/wp-includes/plugin.php(517): WP_Hook->do_action(Array)
#3 /Users/shafayat/Documents/Development/ena/wp-settings.php(705): do_action('after_setup_the...')
#4 /Users/shafayat/Documents/Development/ena/wp-config.php(117): require_once('/Users/shafayat...')
#5 /Users/shafayat/Documents/Development/ena/wp-load.php(50): require_once('/Users/shafayat...')
#6 /Users/shafayat/Documents/Development/ena/wp-admin/admin-ajax.php(22): require_once('/Users/shafayat...')
#7 /Applications/Herd.app/Contents/Resources/valet/server.php(167): require('/Users/shafayat...')
#8 {main}
  thrown in /Users/shafayat/Documents/Development/ena/wp-content/themes/hirxpert/functions.php on line 187
[16-Aug-2025 02:44:45 UTC] PHP Warning:  require(/Users/shafayat/Documents/Development/ena/wp-content/themes/hirxpert/inc/multilingual-functions.php): Failed to open stream: No such file or directory in /Users/shafayat/Documents/Development/ena/wp-content/themes/hirxpert/functions.php on line 187
[16-Aug-2025 02:44:45 UTC] PHP Fatal error:  Uncaught Error: Failed opening required '/Users/shafayat/Documents/Development/ena/wp-content/themes/hirxpert/inc/multilingual-functions.php' (include_path='.:') in /Users/shafayat/Documents/Development/ena/wp-content/themes/hirxpert/functions.php:187
Stack trace:
#0 /Users/shafayat/Documents/Development/ena/wp-includes/class-wp-hook.php(324): Hirxpert_Theme_function::hirxpert_after_support('')
#1 /Users/shafayat/Documents/Development/ena/wp-includes/class-wp-hook.php(348): WP_Hook->apply_filters(NULL, Array)
#2 /Users/shafayat/Documents/Development/ena/wp-includes/plugin.php(517): WP_Hook->do_action(Array)
#3 /Users/shafayat/Documents/Development/ena/wp-settings.php(705): do_action('after_setup_the...')
#4 /Users/shafayat/Documents/Development/ena/wp-config.php(117): require_once('/Users/shafayat...')
#5 /Users/shafayat/Documents/Development/ena/wp-load.php(50): require_once('/Users/shafayat...')
#6 /Users/shafayat/Documents/Development/ena/wp-blog-header.php(13): require_once('/Users/shafayat...')
#7 /Users/shafayat/Documents/Development/ena/index.php(17): require('/Users/shafayat...')
#8 /Applications/Herd.app/Contents/Resources/valet/server.php(167): require('/Users/shafayat...')
#9 {main}
  thrown in /Users/shafayat/Documents/Development/ena/wp-content/themes/hirxpert/functions.php on line 187
[16-Aug-2025 02:44:48 UTC] PHP Warning:  require(/Users/shafayat/Documents/Development/ena/wp-content/themes/hirxpert/inc/multilingual-functions.php): Failed to open stream: No such file or directory in /Users/shafayat/Documents/Development/ena/wp-content/themes/hirxpert/functions.php on line 187
[16-Aug-2025 02:44:48 UTC] PHP Fatal error:  Uncaught Error: Failed opening required '/Users/shafayat/Documents/Development/ena/wp-content/themes/hirxpert/inc/multilingual-functions.php' (include_path='.:') in /Users/shafayat/Documents/Development/ena/wp-content/themes/hirxpert/functions.php:187
Stack trace:
#0 /Users/shafayat/Documents/Development/ena/wp-includes/class-wp-hook.php(324): Hirxpert_Theme_function::hirxpert_after_support('')
#1 /Users/shafayat/Documents/Development/ena/wp-includes/class-wp-hook.php(348): WP_Hook->apply_filters(NULL, Array)
#2 /Users/shafayat/Documents/Development/ena/wp-includes/plugin.php(517): WP_Hook->do_action(Array)
#3 /Users/shafayat/Documents/Development/ena/wp-settings.php(705): do_action('after_setup_the...')
#4 /Users/shafayat/Documents/Development/ena/wp-config.php(117): require_once('/Users/shafayat...')
#5 /Users/shafayat/Documents/Development/ena/wp-load.php(50): require_once('/Users/shafayat...')
#6 /Users/shafayat/Documents/Development/ena/wp-blog-header.php(13): require_once('/Users/shafayat...')
#7 /Users/shafayat/Documents/Development/ena/index.php(17): require('/Users/shafayat...')
#8 /Applications/Herd.app/Contents/Resources/valet/server.php(167): require('/Users/shafayat...')
#9 {main}
  thrown in /Users/shafayat/Documents/Development/ena/wp-content/themes/hirxpert/functions.php on line 187
[16-Aug-2025 02:49:08 UTC] PHP Warning:  require(/Users/shafayat/Documents/Development/ena/wp-content/themes/hirxpert/inc/multilingual-functions.php): Failed to open stream: No such file or directory in /Users/shafayat/Documents/Development/ena/wp-content/themes/hirxpert/functions.php on line 187
[16-Aug-2025 02:49:08 UTC] PHP Fatal error:  Uncaught Error: Failed opening required '/Users/shafayat/Documents/Development/ena/wp-content/themes/hirxpert/inc/multilingual-functions.php' (include_path='.:') in /Users/shafayat/Documents/Development/ena/wp-content/themes/hirxpert/functions.php:187
Stack trace:
#0 /Users/shafayat/Documents/Development/ena/wp-includes/class-wp-hook.php(324): Hirxpert_Theme_function::hirxpert_after_support('')
#1 /Users/shafayat/Documents/Development/ena/wp-includes/class-wp-hook.php(348): WP_Hook->apply_filters(NULL, Array)
#2 /Users/shafayat/Documents/Development/ena/wp-includes/plugin.php(517): WP_Hook->do_action(Array)
#3 /Users/shafayat/Documents/Development/ena/wp-settings.php(705): do_action('after_setup_the...')
#4 /Users/shafayat/Documents/Development/ena/wp-config.php(117): require_once('/Users/shafayat...')
#5 /Users/shafayat/Documents/Development/ena/wp-load.php(50): require_once('/Users/shafayat...')
#6 /Users/shafayat/Documents/Development/ena/wp-blog-header.php(13): require_once('/Users/shafayat...')
#7 /Users/shafayat/Documents/Development/ena/index.php(17): require('/Users/shafayat...')
#8 /Applications/Herd.app/Contents/Resources/valet/server.php(167): require('/Users/shafayat...')
#9 {main}
  thrown in /Users/shafayat/Documents/Development/ena/wp-content/themes/hirxpert/functions.php on line 187
[16-Aug-2025 02:49:09 UTC] PHP Warning:  require(/Users/shafayat/Documents/Development/ena/wp-content/themes/hirxpert/inc/multilingual-functions.php): Failed to open stream: No such file or directory in /Users/shafayat/Documents/Development/ena/wp-content/themes/hirxpert/functions.php on line 187
[16-Aug-2025 02:49:09 UTC] PHP Fatal error:  Uncaught Error: Failed opening required '/Users/shafayat/Documents/Development/ena/wp-content/themes/hirxpert/inc/multilingual-functions.php' (include_path='.:') in /Users/shafayat/Documents/Development/ena/wp-content/themes/hirxpert/functions.php:187
Stack trace:
#0 /Users/shafayat/Documents/Development/ena/wp-includes/class-wp-hook.php(324): Hirxpert_Theme_function::hirxpert_after_support('')
#1 /Users/shafayat/Documents/Development/ena/wp-includes/class-wp-hook.php(348): WP_Hook->apply_filters(NULL, Array)
#2 /Users/shafayat/Documents/Development/ena/wp-includes/plugin.php(517): WP_Hook->do_action(Array)
#3 /Users/shafayat/Documents/Development/ena/wp-settings.php(705): do_action('after_setup_the...')
#4 /Users/shafayat/Documents/Development/ena/wp-config.php(117): require_once('/Users/shafayat...')
#5 /Users/shafayat/Documents/Development/ena/wp-load.php(50): require_once('/Users/shafayat...')
#6 /Users/shafayat/Documents/Development/ena/wp-blog-header.php(13): require_once('/Users/shafayat...')
#7 /Users/shafayat/Documents/Development/ena/index.php(17): require('/Users/shafayat...')
#8 /Applications/Herd.app/Contents/Resources/valet/server.php(167): require('/Users/shafayat...')
#9 {main}
  thrown in /Users/shafayat/Documents/Development/ena/wp-content/themes/hirxpert/functions.php on line 187
[16-Aug-2025 02:49:26 UTC] PHP Warning:  require(/Users/shafayat/Documents/Development/ena/wp-content/themes/hirxpert/inc/multilingual-functions.php): Failed to open stream: No such file or directory in /Users/shafayat/Documents/Development/ena/wp-content/themes/hirxpert/functions.php on line 187
[16-Aug-2025 02:49:26 UTC] PHP Fatal error:  Uncaught Error: Failed opening required '/Users/shafayat/Documents/Development/ena/wp-content/themes/hirxpert/inc/multilingual-functions.php' (include_path='.:') in /Users/shafayat/Documents/Development/ena/wp-content/themes/hirxpert/functions.php:187
Stack trace:
#0 /Users/shafayat/Documents/Development/ena/wp-includes/class-wp-hook.php(324): Hirxpert_Theme_function::hirxpert_after_support('')
#1 /Users/shafayat/Documents/Development/ena/wp-includes/class-wp-hook.php(348): WP_Hook->apply_filters(NULL, Array)
#2 /Users/shafayat/Documents/Development/ena/wp-includes/plugin.php(517): WP_Hook->do_action(Array)
#3 /Users/shafayat/Documents/Development/ena/wp-settings.php(705): do_action('after_setup_the...')
#4 /Users/shafayat/Documents/Development/ena/wp-config.php(117): require_once('/Users/shafayat...')
#5 /Users/shafayat/Documents/Development/ena/wp-load.php(50): require_once('/Users/shafayat...')
#6 /Users/shafayat/Documents/Development/ena/wp-blog-header.php(13): require_once('/Users/shafayat...')
#7 /Users/shafayat/Documents/Development/ena/index.php(17): require('/Users/shafayat...')
#8 /Applications/Herd.app/Contents/Resources/valet/server.php(167): require('/Users/shafayat...')
#9 {main}
  thrown in /Users/shafayat/Documents/Development/ena/wp-content/themes/hirxpert/functions.php on line 187
[16-Aug-2025 02:49:39 UTC] PHP Warning:  require(/Users/shafayat/Documents/Development/ena/wp-content/themes/hirxpert/inc/multilingual-functions.php): Failed to open stream: No such file or directory in /Users/shafayat/Documents/Development/ena/wp-content/themes/hirxpert/functions.php on line 187
[16-Aug-2025 02:49:39 UTC] PHP Fatal error:  Uncaught Error: Failed opening required '/Users/shafayat/Documents/Development/ena/wp-content/themes/hirxpert/inc/multilingual-functions.php' (include_path='.:') in /Users/shafayat/Documents/Development/ena/wp-content/themes/hirxpert/functions.php:187
Stack trace:
#0 /Users/shafayat/Documents/Development/ena/wp-includes/class-wp-hook.php(324): Hirxpert_Theme_function::hirxpert_after_support('')
#1 /Users/shafayat/Documents/Development/ena/wp-includes/class-wp-hook.php(348): WP_Hook->apply_filters(NULL, Array)
#2 /Users/shafayat/Documents/Development/ena/wp-includes/plugin.php(517): WP_Hook->do_action(Array)
#3 /Users/shafayat/Documents/Development/ena/wp-settings.php(705): do_action('after_setup_the...')
#4 /Users/shafayat/Documents/Development/ena/wp-config.php(117): require_once('/Users/shafayat...')
#5 /Users/shafayat/Documents/Development/ena/wp-load.php(50): require_once('/Users/shafayat...')
#6 /Users/shafayat/Documents/Development/ena/wp-blog-header.php(13): require_once('/Users/shafayat...')
#7 /Users/shafayat/Documents/Development/ena/index.php(17): require('/Users/shafayat...')
#8 /Applications/Herd.app/Contents/Resources/valet/server.php(167): require('/Users/shafayat...')
#9 {main}
  thrown in /Users/shafayat/Documents/Development/ena/wp-content/themes/hirxpert/functions.php on line 187
